<html>
<head>
<title>TestNG:  Test</title>
<link href="../testng.css" rel="stylesheet" type="text/css" />
<link href="../my-testng.css" rel="stylesheet" type="text/css" />

<style type="text/css">
.log { display: none;} 
.stack-trace { display: none;} 
</style>
<script type="text/javascript">
<!--
function flip(e) {
  current = e.style.display;
  if (current == 'block') {
    e.style.display = 'none';
    return 0;
  }
  else {
    e.style.display = 'block';
    return 1;
  }
}

function toggleBox(szDivId, elem, msg1, msg2)
{
  var res = -1;  if (document.getElementById) {
    res = flip(document.getElementById(szDivId));
  }
  else if (document.all) {
    // this is the way old msie versions work
    res = flip(document.all[szDivId]);
  }
  if(elem) {
    if(res == 0) elem.innerHTML = msg1; else elem.innerHTML = msg2;
  }

}

function toggleAllBoxes() {
  if (document.getElementsByTagName) {
    d = document.getElementsByTagName('div');
    for (i = 0; i < d.length; i++) {
      if (d[i].className == 'log') {
        flip(d[i]);
      }
    }
  }
}

// -->
</script>

</head>
<body>
<h2 align='center'>Test</h2><table border='1' align="center">
<tr>
<td>Tests passed/Failed/Skipped:</td><td>25/1/0</td>
</tr><tr>
<td>Started on:</td><td>Mon Sep 04 18:58:10 IST 2023</td>
</tr>
<tr><td>Total time:</td><td>693 seconds (693481 ms)</td>
</tr><tr>
<td>Included groups:</td><td></td>
</tr><tr>
<td>Excluded groups:</td><td></td>
</tr>
</table><p/>
<small><i>(Hover the method name to see the test class name)</i></small><p/>
<table width='100%' border='1' class='invocation-failed'>
<tr><td colspan='4' align='center'><b>FAILED TESTS</b></td></tr>
<tr><td><b>Test method</b></td>
<td><b>Attribute(s)</b></td>
<td width="30%"><b>Exception</b></td>
<td width="10%"><b>Time (seconds)</b></td>
<td><b>Instance</b></td>
</tr>
<tr>
<td title='com.DemoQA.Widgets.testDatePicker()'><b>testDatePicker</b><br>Test class: com.DemoQA.Widgets</td>
<td><div><pre>org.openqa.selenium.NoSuchElementException: no such element: Unable to locate element: {&quot;method&quot;:&quot;xpath&quot;,&quot;selector&quot;:&quot;/html/body/div[2]/div/div/div[2]/div[2]/div[2]/div[1]/div[2]/div[2]/div[2]/div/div/div[2]/div[2]/div[4]/div[4]&quot;}
  (Session info: chrome=116.0.5845.141)
For documentation on this error, please visit: https://www.selenium.dev/documentation/webdriver/troubleshooting/errors#no-such-element-exception
Build info: version: &apos;4.11.0&apos;, revision: &apos;040bc5406b&apos;
System info: os.name: &apos;Windows 11&apos;, os.arch: &apos;amd64&apos;, os.version: &apos;10.0&apos;, java.version: &apos;17.0.7&apos;
Driver info: org.openqa.selenium.chrome.ChromeDriver
Command: [ae532330aae2820dbc958a239df5d19e, findElement {using=xpath, value=/html/body/div[2]/div/div/div[2]/div[2]/div[2]/div[1]/div[2]/div[2]/div[2]/div/div/div[2]/div[2]/div[4]/div[4]}]
Capabilities {acceptInsecureCerts: false, browserName: chrome, browserVersion: 116.0.5845.141, chrome: {chromedriverVersion: 116.0.5845.96 (1a3918166880..., userDataDir: C:\Users\arbaz\AppData\Loca...}, fedcm:accounts: true, goog:chromeOptions: {debuggerAddress: localhost:62391}, networkConnectionEnabled: false, pageLoadStrategy: normal, platformName: windows, proxy: Proxy(), se:cdp: ws://localhost:62391/devtoo..., se:cdpVersion: 116.0.5845.141, setWindowRect: true, strictFileInteractability: false, timeouts: {implicit: 0, pageLoad: 300000, script: 30000}, unhandledPromptBehavior: dismiss and notify, webauthn:extension:credBlob: true, webauthn:extension:largeBlob: true, webauthn:extension:minPinLength: true, webauthn:extension:prf: true, webauthn:virtualAuthenticators: true}
Session ID: ae532330aae2820dbc958a239df5d19e
	at org.openqa.selenium.remote.codec.w3c.W3CHttpResponseCodec.createException(W3CHttpResponseCodec.java:200)
	at org.openqa.selenium.remote.codec.w3c.W3CHttpResponseCodec.decode(W3CHttpResponseCodec.java:133)
	at org.openqa.selenium.remote.codec.w3c.W3CHttpResponseCodec.decode(W3CHttpResponseCodec.java:52)
	at org.openqa.selenium.remote.HttpCommandExecutor.execute(HttpCommandExecutor.java:191)
	at org.openqa.selenium.remote.service.DriverCommandExecutor.invokeExecute(DriverCommandExecutor.java:196)
	at org.openqa.selenium.remote.service.DriverCommandExecutor.execute(DriverCommandExecutor.java:171)
	at org.openqa.selenium.remote.RemoteWebDriver.execute(RemoteWebDriver.java:518)
	at org.openqa.selenium.remote.ElementLocation$ElementFinder$2.findElement(ElementLocation.java:165)
	at org.openqa.selenium.remote.ElementLocation.findElement(ElementLocation.java:59)
	at org.openqa.selenium.remote.RemoteWebDriver.findElement(RemoteWebDriver.java:355)
	at org.openqa.selenium.remote.RemoteWebDriver.findElement(RemoteWebDriver.java:349)
	at com.DemoQA.Widgets.testDatePicker(Widgets.java:276)
	at java.base/java.util.ArrayList.forEach(ArrayList.java:1511)
... Removed 32 stack frames</pre></div><a href='#' onClick='toggleBox("stack-trace1341785997", this, "Click to show all stack frames", "Click to hide stack frames")'>Click to show all stack frames</a>
<div class='stack-trace' id='stack-trace1341785997'><pre>org.openqa.selenium.NoSuchElementException: no such element: Unable to locate element: {&quot;method&quot;:&quot;xpath&quot;,&quot;selector&quot;:&quot;/html/body/div[2]/div/div/div[2]/div[2]/div[2]/div[1]/div[2]/div[2]/div[2]/div/div/div[2]/div[2]/div[4]/div[4]&quot;}
  (Session info: chrome=116.0.5845.141)
For documentation on this error, please visit: https://www.selenium.dev/documentation/webdriver/troubleshooting/errors#no-such-element-exception
Build info: version: &apos;4.11.0&apos;, revision: &apos;040bc5406b&apos;
System info: os.name: &apos;Windows 11&apos;, os.arch: &apos;amd64&apos;, os.version: &apos;10.0&apos;, java.version: &apos;17.0.7&apos;
Driver info: org.openqa.selenium.chrome.ChromeDriver
Command: [ae532330aae2820dbc958a239df5d19e, findElement {using=xpath, value=/html/body/div[2]/div/div/div[2]/div[2]/div[2]/div[1]/div[2]/div[2]/div[2]/div/div/div[2]/div[2]/div[4]/div[4]}]
Capabilities {acceptInsecureCerts: false, browserName: chrome, browserVersion: 116.0.5845.141, chrome: {chromedriverVersion: 116.0.5845.96 (1a3918166880..., userDataDir: C:\Users\arbaz\AppData\Loca...}, fedcm:accounts: true, goog:chromeOptions: {debuggerAddress: localhost:62391}, networkConnectionEnabled: false, pageLoadStrategy: normal, platformName: windows, proxy: Proxy(), se:cdp: ws://localhost:62391/devtoo..., se:cdpVersion: 116.0.5845.141, setWindowRect: true, strictFileInteractability: false, timeouts: {implicit: 0, pageLoad: 300000, script: 30000}, unhandledPromptBehavior: dismiss and notify, webauthn:extension:credBlob: true, webauthn:extension:largeBlob: true, webauthn:extension:minPinLength: true, webauthn:extension:prf: true, webauthn:virtualAuthenticators: true}
Session ID: ae532330aae2820dbc958a239df5d19e
	at java.base/jdk.internal.reflect.NativeConstructorAccessorImpl.newInstance0(Native Method)
	at java.base/jdk.internal.reflect.NativeConstructorAccessorImpl.newInstance(NativeConstructorAccessorImpl.java:77)
	at java.base/jdk.internal.reflect.DelegatingConstructorAccessorImpl.newInstance(DelegatingConstructorAccessorImpl.java:45)
	at java.base/java.lang.reflect.Constructor.newInstanceWithCaller(Constructor.java:499)
	at java.base/java.lang.reflect.Constructor.newInstance(Constructor.java:480)
	at org.openqa.selenium.remote.codec.w3c.W3CHttpResponseCodec.createException(W3CHttpResponseCodec.java:200)
	at org.openqa.selenium.remote.codec.w3c.W3CHttpResponseCodec.decode(W3CHttpResponseCodec.java:133)
	at org.openqa.selenium.remote.codec.w3c.W3CHttpResponseCodec.decode(W3CHttpResponseCodec.java:52)
	at org.openqa.selenium.remote.HttpCommandExecutor.execute(HttpCommandExecutor.java:191)
	at org.openqa.selenium.remote.service.DriverCommandExecutor.invokeExecute(DriverCommandExecutor.java:196)
	at org.openqa.selenium.remote.service.DriverCommandExecutor.execute(DriverCommandExecutor.java:171)
	at org.openqa.selenium.remote.RemoteWebDriver.execute(RemoteWebDriver.java:518)
	at org.openqa.selenium.remote.ElementLocation$ElementFinder$2.findElement(ElementLocation.java:165)
	at org.openqa.selenium.remote.ElementLocation.findElement(ElementLocation.java:59)
	at org.openqa.selenium.remote.RemoteWebDriver.findElement(RemoteWebDriver.java:355)
	at org.openqa.selenium.remote.RemoteWebDriver.findElement(RemoteWebDriver.java:349)
	at com.DemoQA.Widgets.testDatePicker(Widgets.java:276)
	at java.base/jdk.internal.reflect.NativeMethodAccessorImpl.invoke0(Native Method)
	at java.base/jdk.internal.reflect.NativeMethodAccessorImpl.invoke(NativeMethodAccessorImpl.java:77)
	at java.base/jdk.internal.reflect.DelegatingMethodAccessorImpl.invoke(DelegatingMethodAccessorImpl.java:43)
	at java.base/java.lang.reflect.Method.invoke(Method.java:568)
	at org.testng.internal.invokers.MethodInvocationHelper.invokeMethod(MethodInvocationHelper.java:139)
	at org.testng.internal.invokers.TestInvoker.invokeMethod(TestInvoker.java:677)
	at org.testng.internal.invokers.TestInvoker.invokeTestMethod(TestInvoker.java:221)
	at org.testng.internal.invokers.MethodRunner.runInSequence(MethodRunner.java:50)
	at org.testng.internal.invokers.TestInvoker$MethodInvocationAgent.invoke(TestInvoker.java:962)
	at org.testng.internal.invokers.TestInvoker.invokeTestMethods(TestInvoker.java:194)
	at org.testng.internal.invokers.TestMethodWorker.invokeTestMethods(TestMethodWorker.java:148)
	at org.testng.internal.invokers.TestMethodWorker.run(TestMethodWorker.java:128)
	at java.base/java.util.ArrayList.forEach(ArrayList.java:1511)
	at org.testng.TestRunner.privateRun(TestRunner.java:806)
	at org.testng.TestRunner.run(TestRunner.java:601)
	at org.testng.SuiteRunner.runTest(SuiteRunner.java:433)
	at org.testng.SuiteRunner.runSequentially(SuiteRunner.java:427)
	at org.testng.SuiteRunner.privateRun(SuiteRunner.java:387)
	at org.testng.SuiteRunner.run(SuiteRunner.java:330)
	at org.testng.SuiteRunnerWorker.runSuite(SuiteRunnerWorker.java:52)
	at org.testng.SuiteRunnerWorker.run(SuiteRunnerWorker.java:95)
	at org.testng.TestNG.runSuitesSequentially(TestNG.java:1256)
	at org.testng.TestNG.runSuitesLocally(TestNG.java:1176)
	at org.testng.TestNG.runSuites(TestNG.java:1099)
	at org.testng.TestNG.run(TestNG.java:1067)
	at org.testng.remote.AbstractRemoteTestNG.run(AbstractRemoteTestNG.java:115)
	at org.testng.remote.RemoteTestNG.initAndRun(RemoteTestNG.java:251)
	at org.testng.remote.RemoteTestNG.main(RemoteTestNG.java:77)
</pre></div></td>
<td>18</td>
<td>com.DemoQA.Widgets@5e2c3d18</td></tr>
</table><p>
<table width='100%' border='1' class='invocation-passed'>
<tr><td colspan='4' align='center'><b>PASSED TESTS</b></td></tr>
<tr><td><b>Test method</b></td>
<td><b>Attribute(s)</b></td>
<td width="30%"><b>Exception</b></td>
<td width="10%"><b>Time (seconds)</b></td>
<td><b>Instance</b></td>
</tr>
<tr>
<td title='com.DemoQA.AlertsFrameAndWindows.testNestedFrame()'><b>testNestedFrame</b><br>Test class: com.DemoQA.AlertsFrameAndWindows</td>
<td></td>
<td>1</td>
<td>com.DemoQA.AlertsFrameAndWindows@7a35b0f5</td></tr>
<tr>
<td title='com.DemoQA.Widgets.testMenu()'><b>testMenu</b><br>Test class: com.DemoQA.Widgets</td>
<td></td>
<td>10</td>
<td>com.DemoQA.Widgets@5e2c3d18</td></tr>
<tr>
<td title='com.DemoQA.Elements.testCheckbox()'><b>testCheckbox</b><br>Test class: com.DemoQA.Elements</td>
<td></td>
<td>13</td>
<td>com.DemoQA.Elements@17f62e33</td></tr>
<tr>
<td title='com.DemoQA.Interactions.testDroppable()'><b>testDroppable</b><br>Test class: com.DemoQA.Interactions</td>
<td></td>
<td>7</td>
<td>com.DemoQA.Interactions@2cb4893b</td></tr>
<tr>
<td title='com.DemoQA.Interactions.testSortable()'><b>testSortable</b><br>Test class: com.DemoQA.Interactions</td>
<td></td>
<td>7</td>
<td>com.DemoQA.Interactions@2cb4893b</td></tr>
<tr>
<td title='com.DemoQA.Elements.testLinks()'><b>testLinks</b><br>Test class: com.DemoQA.Elements</td>
<td></td>
<td>13</td>
<td>com.DemoQA.Elements@17f62e33</td></tr>
<tr>
<td title='com.DemoQA.Interactions.testResizable()'><b>testResizable</b><br>Test class: com.DemoQA.Interactions</td>
<td></td>
<td>8</td>
<td>com.DemoQA.Interactions@2cb4893b</td></tr>
<tr>
<td title='com.DemoQA.AlertsFrameAndWindows.testModelDialogs()'><b>testModelDialogs</b><br>Test class: com.DemoQA.AlertsFrameAndWindows</td>
<td></td>
<td>13</td>
<td>com.DemoQA.AlertsFrameAndWindows@7a35b0f5</td></tr>
<tr>
<td title='com.DemoQA.Widgets.testToolTip()'><b>testToolTip</b><br>Test class: com.DemoQA.Widgets</td>
<td></td>
<td>11</td>
<td>com.DemoQA.Widgets@5e2c3d18</td></tr>
<tr>
<td title='com.DemoQA.AlertsFrameAndWindows.testBrowserWindow()'><b>testBrowserWindow</b><br>Test class: com.DemoQA.AlertsFrameAndWindows</td>
<td></td>
<td>19</td>
<td>com.DemoQA.AlertsFrameAndWindows@7a35b0f5</td></tr>
<tr>
<td title='com.DemoQA.Interactions.testSelectable()'><b>testSelectable</b><br>Test class: com.DemoQA.Interactions</td>
<td></td>
<td>7</td>
<td>com.DemoQA.Interactions@2cb4893b</td></tr>
<tr>
<td title='com.DemoQA.Widgets.testAccordian()'><b>testAccordian</b><br>Test class: com.DemoQA.Widgets</td>
<td></td>
<td>7</td>
<td>com.DemoQA.Widgets@5e2c3d18</td></tr>
<tr>
<td title='com.DemoQA.Widgets.testSlider()'><b>testSlider</b><br>Test class: com.DemoQA.Widgets</td>
<td></td>
<td>8</td>
<td>com.DemoQA.Widgets@5e2c3d18</td></tr>
<tr>
<td title='com.DemoQA.AlertsFrameAndWindows.testFrame()'><b>testFrame</b><br>Test class: com.DemoQA.AlertsFrameAndWindows</td>
<td></td>
<td>5</td>
<td>com.DemoQA.AlertsFrameAndWindows@7a35b0f5</td></tr>
<tr>
<td title='com.DemoQA.Widgets.testProgrssBar()'><b>testProgrssBar</b><br>Test class: com.DemoQA.Widgets</td>
<td></td>
<td>41</td>
<td>com.DemoQA.Widgets@5e2c3d18</td></tr>
<tr>
<td title='com.DemoQA.Interactions.testDraggable()'><b>testDraggable</b><br>Test class: com.DemoQA.Interactions</td>
<td></td>
<td>5</td>
<td>com.DemoQA.Interactions@2cb4893b</td></tr>
<tr>
<td title='com.DemoQA.Widgets.testAutoComplete()'><b>testAutoComplete</b><br>Test class: com.DemoQA.Widgets</td>
<td></td>
<td>14</td>
<td>com.DemoQA.Widgets@5e2c3d18</td></tr>
<tr>
<td title='com.DemoQA.Elements.testRadioButton()'><b>testRadioButton</b><br>Test class: com.DemoQA.Elements</td>
<td></td>
<td>4</td>
<td>com.DemoQA.Elements@17f62e33</td></tr>
<tr>
<td title='com.DemoQA.AlertsFrameAndWindows.testAlerts()'><b>testAlerts</b><br>Test class: com.DemoQA.AlertsFrameAndWindows</td>
<td></td>
<td>22</td>
<td>com.DemoQA.AlertsFrameAndWindows@7a35b0f5</td></tr>
<tr>
<td title='com.DemoQA.Elements.testTextbox()'><b>testTextbox</b><br>Test class: com.DemoQA.Elements</td>
<td></td>
<td>6</td>
<td>com.DemoQA.Elements@17f62e33</td></tr>
<tr>
<td title='com.DemoQA.Elements.testWebTable()'><b>testWebTable</b><br>Test class: com.DemoQA.Elements</td>
<td></td>
<td>19</td>
<td>com.DemoQA.Elements@17f62e33</td></tr>
<tr>
<td title='com.DemoQA.Forms.testPracticeForm()'><b>testPracticeForm</b><br>Test class: com.DemoQA.Forms</td>
<td></td>
<td>13</td>
<td>com.DemoQA.Forms@68c9133c</td></tr>
<tr>
<td title='com.DemoQA.Elements.testBrokenLink()'><b>testBrokenLink</b><br>Test class: com.DemoQA.Elements</td>
<td></td>
<td>4</td>
<td>com.DemoQA.Elements@17f62e33</td></tr>
<tr>
<td title='com.DemoQA.Elements.testUploadAndDownload()'><b>testUploadAndDownload</b><br>Test class: com.DemoQA.Elements</td>
<td></td>
<td>12</td>
<td>com.DemoQA.Elements@17f62e33</td></tr>
<tr>
<td title='com.DemoQA.Elements.testButton()'><b>testButton</b><br>Test class: com.DemoQA.Elements</td>
<td></td>
<td>8</td>
<td>com.DemoQA.Elements@17f62e33</td></tr>
</table><p>
</body>
</html>