<?xml version="1.0" encoding="UTF-8"?>
<!-- Generated by org.testng.reporters.JUnitXMLReporter -->
<testsuite ignored="0" hostname="arbazjalshi" failures="1" tests="26" name="Test" time="693.481" errors="0" timestamp="2023-09-04T19:09:44 IST">
  <testcase classname="com.DemoQA.Elements" name="testBrokenLink" time="4.713"/>
  <testcase classname="com.DemoQA.Elements" name="testButton" time="8.835"/>
  <testcase classname="com.DemoQA.Elements" name="testCheckbox" time="13.11"/>
  <testcase classname="com.DemoQA.Elements" name="testLinks" time="13.87"/>
  <testcase classname="com.DemoQA.Elements" name="testRadioButton" time="4.299"/>
  <testcase classname="com.DemoQA.Elements" name="testTextbox" time="6.817"/>
  <testcase classname="com.DemoQA.Elements" name="testUploadAndDownload" time="12.086"/>
  <testcase classname="com.DemoQA.Elements" name="testWebTable" time="19.971"/>
  <testcase classname="com.DemoQA.Forms" name="testPracticeForm" time="13.882"/>
  <testcase classname="com.DemoQA.AlertsFrameAndWindows" name="testAlerts" time="22.264"/>
  <testcase classname="com.DemoQA.AlertsFrameAndWindows" name="testBrowserWindow" time="19.473"/>
  <testcase classname="com.DemoQA.AlertsFrameAndWindows" name="testFrame" time="5.404"/>
  <testcase classname="com.DemoQA.AlertsFrameAndWindows" name="testModelDialogs" time="13.418"/>
  <testcase classname="com.DemoQA.AlertsFrameAndWindows" name="testNestedFrame" time="1.113"/>
  <testcase classname="com.DemoQA.Widgets" name="testAccordian" time="7.225"/>
  <testcase classname="com.DemoQA.Widgets" name="testAutoComplete" time="14.491"/>
  <testcase classname="com.DemoQA.Widgets" name="testDatePicker" time="18.741">
    <failure type="org.openqa.selenium.NoSuchElementException" message="no such element: Unable to locate element: {&amp;quot;method&amp;quot;:&amp;quot;xpath&amp;quot;,&amp;quot;selector&amp;quot;:&amp;quot;/html/body/div[2]/div/div/div[2]/div[2]/div[2]/div[1]/div[2]/div[2]/div[2]/div/div/div[2]/div[2]/div[4]/div[4]&amp;quot;}
  (Session info: chrome=116.0.5845.141)
For documentation on this error, please visit: https://www.selenium.dev/documentation/webdriver/troubleshooting/errors#no-such-element-exception
Build info: version: &amp;apos;4.11.0&amp;apos;, revision: &amp;apos;040bc5406b&amp;apos;
System info: os.name: &amp;apos;Windows 11&amp;apos;, os.arch: &amp;apos;amd64&amp;apos;, os.version: &amp;apos;10.0&amp;apos;, java.version: &amp;apos;17.0.7&amp;apos;
Driver info: org.openqa.selenium.chrome.ChromeDriver
Command: [ae532330aae2820dbc958a239df5d19e, findElement {using=xpath, value=/html/body/div[2]/div/div/div[2]/div[2]/div[2]/div[1]/div[2]/div[2]/div[2]/div/div/div[2]/div[2]/div[4]/div[4]}]
Capabilities {acceptInsecureCerts: false, browserName: chrome, browserVersion: 116.0.5845.141, chrome: {chromedriverVersion: 116.0.5845.96 (1a3918166880..., userDataDir: C:\Users\arbaz\AppData\Loca...}, fedcm:accounts: true, goog:chromeOptions: {debuggerAddress: localhost:62391}, networkConnectionEnabled: false, pageLoadStrategy: normal, platformName: windows, proxy: Proxy(), se:cdp: ws://localhost:62391/devtoo..., se:cdpVersion: 116.0.5845.141, setWindowRect: true, strictFileInteractability: false, timeouts: {implicit: 0, pageLoad: 300000, script: 30000}, unhandledPromptBehavior: dismiss and notify, webauthn:extension:credBlob: true, webauthn:extension:largeBlob: true, webauthn:extension:minPinLength: true, webauthn:extension:prf: true, webauthn:virtualAuthenticators: true}
Session ID: ae532330aae2820dbc958a239df5d19e">
      <![CDATA[org.openqa.selenium.NoSuchElementException: no such element: Unable to locate element: {"method":"xpath","selector":"/html/body/div[2]/div/div/div[2]/div[2]/div[2]/div[1]/div[2]/div[2]/div[2]/div/div/div[2]/div[2]/div[4]/div[4]"}
  (Session info: chrome=116.0.5845.141)
For documentation on this error, please visit: https://www.selenium.dev/documentation/webdriver/troubleshooting/errors#no-such-element-exception
Build info: version: '4.11.0', revision: '040bc5406b'
System info: os.name: 'Windows 11', os.arch: 'amd64', os.version: '10.0', java.version: '17.0.7'
Driver info: org.openqa.selenium.chrome.ChromeDriver
Command: [ae532330aae2820dbc958a239df5d19e, findElement {using=xpath, value=/html/body/div[2]/div/div/div[2]/div[2]/div[2]/div[1]/div[2]/div[2]/div[2]/div/div/div[2]/div[2]/div[4]/div[4]}]
Capabilities {acceptInsecureCerts: false, browserName: chrome, browserVersion: 116.0.5845.141, chrome: {chromedriverVersion: 116.0.5845.96 (1a3918166880..., userDataDir: C:\Users\arbaz\AppData\Loca...}, fedcm:accounts: true, goog:chromeOptions: {debuggerAddress: localhost:62391}, networkConnectionEnabled: false, pageLoadStrategy: normal, platformName: windows, proxy: Proxy(), se:cdp: ws://localhost:62391/devtoo..., se:cdpVersion: 116.0.5845.141, setWindowRect: true, strictFileInteractability: false, timeouts: {implicit: 0, pageLoad: 300000, script: 30000}, unhandledPromptBehavior: dismiss and notify, webauthn:extension:credBlob: true, webauthn:extension:largeBlob: true, webauthn:extension:minPinLength: true, webauthn:extension:prf: true, webauthn:virtualAuthenticators: true}
Session ID: ae532330aae2820dbc958a239df5d19e
at org.openqa.selenium.remote.codec.w3c.W3CHttpResponseCodec.createException(W3CHttpResponseCodec.java:200)
at org.openqa.selenium.remote.codec.w3c.W3CHttpResponseCodec.decode(W3CHttpResponseCodec.java:133)
at org.openqa.selenium.remote.codec.w3c.W3CHttpResponseCodec.decode(W3CHttpResponseCodec.java:52)
at org.openqa.selenium.remote.HttpCommandExecutor.execute(HttpCommandExecutor.java:191)
at org.openqa.selenium.remote.service.DriverCommandExecutor.invokeExecute(DriverCommandExecutor.java:196)
at org.openqa.selenium.remote.service.DriverCommandExecutor.execute(DriverCommandExecutor.java:171)
at org.openqa.selenium.remote.RemoteWebDriver.execute(RemoteWebDriver.java:518)
at org.openqa.selenium.remote.ElementLocation$ElementFinder$2.findElement(ElementLocation.java:165)
at org.openqa.selenium.remote.ElementLocation.findElement(ElementLocation.java:59)
at org.openqa.selenium.remote.RemoteWebDriver.findElement(RemoteWebDriver.java:355)
at org.openqa.selenium.remote.RemoteWebDriver.findElement(RemoteWebDriver.java:349)
at com.DemoQA.Widgets.testDatePicker(Widgets.java:276)
at java.base/java.util.ArrayList.forEach(ArrayList.java:1511)
... Removed 32 stack frames]]>
    </failure>
  </testcase> <!-- testDatePicker -->
  <testcase classname="com.DemoQA.Widgets" name="testMenu" time="10.281"/>
  <testcase classname="com.DemoQA.Widgets" name="testProgrssBar" time="41.23"/>
  <testcase classname="com.DemoQA.Widgets" name="testSlider" time="8.999"/>
  <testcase classname="com.DemoQA.Widgets" name="testToolTip" time="11.009"/>
  <testcase classname="com.DemoQA.Interactions" name="testDraggable" time="5.935"/>
  <testcase classname="com.DemoQA.Interactions" name="testDroppable" time="7.976"/>
  <testcase classname="com.DemoQA.Interactions" name="testResizable" time="8.086"/>
  <testcase classname="com.DemoQA.Interactions" name="testSelectable" time="7.177"/>
  <testcase classname="com.DemoQA.Interactions" name="testSortable" time="7.653"/>
</testsuite> <!-- Test -->
